<?xml version="1.0" encoding="UTF-8"?>
<testsuite xmlns:xsi="http://www.w3.org/2001/XMLSchema-instance" xsi:noNamespaceSchemaLocation="https://maven.apache.org/surefire/maven-failsafe-plugin/xsd/failsafe-test-report.xsd" name="service.ServiceIntegrationTest" time="1.964" tests="4" errors="0" skipped="0" failures="0">
  <properties>
[...]
</properties>
  <testcase name="addOperationWrongArguments" classname="service.ServiceIntegrationTest" time="1.451"/>
  <testcase name="addOperationv2" classname="service.ServiceIntegrationTest" time="0.032"/>
  <testcase name="addOperation" classname="service.ServiceIntegrationTest" time="0.138"/>
  <testcase name="serverIsRunning" classname="service.ServiceIntegrationTest" time="0.024"/>
</testsuite>